{
  "RSpec": {
    "coverage": {
      "/home/tamakochang/Work/ImageCropper/image_cropper/app/models/user.rb": [
        1,
        null,
        null,
        1,
        1,
        1,
        1,
        1,
        1,
        1,
        1,
        null
      ],
      "/home/tamakochang/Work/ImageCropper/image_cropper/app/models/project.rb": [
        1,
        1,
        1,
        null,
        1,
        1,
        1,
        1,
        1,
        null
      ],
      "/home/tamakochang/Work/ImageCropper/image_cropper/app/models/tag.rb": [
        1,
        1,
        1,
        1,
        null
      ],
      "/home/tamakochang/Work/ImageCropper/image_cropper/app/models/role.rb": [
        1,
        1,
        1,
        1,
        null
      ],
      "/home/tamakochang/Work/ImageCropper/image_cropper/app/models/project_crop_image.rb": [
        1,
        null,
        1,
        1,
        1,
        1,
        null,
        1,
        4,
        4,
        4,
        4,
        4,
        null,
        null,
        null,
        16,
        null,
        4,
        null,
        null
      ],
      "/home/tamakochang/Work/ImageCropper/image_cropper/app/models/project_crop_image_cord.rb": [
        1,
        1,
        null
      ],
      "/home/tamakochang/Work/ImageCropper/image_cropper/app/models/project_image.rb": [
        1,
        1,
        1,
        1,
        null
      ],
      "/home/tamakochang/Work/ImageCropper/image_cropper/app/models/project_user.rb": [
        1,
        1,
        1,
        1,
        1,
        1,
        null
      ],
      "/home/tamakochang/Work/ImageCropper/image_cropper/app/controllers/uploader/tags_controller.rb": [
        1,
        1,
        1,
        1,
        1,
        1,
        null,
        1,
        1,
        null,
        null,
        1,
        1,
        1,
        1,
        1,
        0,
        0,
        null,
        null,
        null,
        1,
        2,
        1,
        null,
        null,
        null,
        1,
        1,
        null,
        null,
        1,
        null,
        null,
        1,
        1,
        1,
        1,
        2,
        1,
        null,
        0,
        0,
        null,
        null,
        null,
        null,
        1,
        1,
        1,
        2,
        1,
        null,
        0,
        0,
        null,
        null,
        null,
        null,
        1,
        1,
        1,
        1,
        2,
        1,
        null,
        null,
        null,
        1,
        1,
        3,
        3,
        3,
        null,
        null,
        1,
        2,
        1,
        1,
        null,
        1,
        1,
        1,
        0,
        null,
        null,
        null,
        null,
        1,
        2,
        2,
        2,
        0,
        null,
        null,
        null,
        null,
        1,
        2,
        null,
        null
      ],
      "/home/tamakochang/Work/ImageCropper/image_cropper/app/controllers/application_controller.rb": [
        1,
        null,
        null,
        1,
        1,
        1,
        null,
        1,
        3,
        0,
        0,
        0,
        0,
        0,
        null,
        0,
        null,
        null,
        null,
        1,
        15,
        0,
        0,
        0,
        0,
        0,
        null,
        0,
        null,
        null,
        null,
        1,
        1,
        0,
        0,
        null,
        0,
        null,
        null,
        null,
        1,
        1,
        0,
        0,
        null,
        null
      ],
      "/home/tamakochang/Work/ImageCropper/image_cropper/app/helpers/application_helper.rb": [
        1,
        1,
        63,
        63,
        63,
        null,
        null,
        null
      ],
      "/home/tamakochang/Work/ImageCropper/image_cropper/app/helpers/admin/users_helper.rb": [
        1,
        null
      ],
      "/home/tamakochang/Work/ImageCropper/image_cropper/app/helpers/cropper/project_crop_images_helper.rb": [
        1,
        null
      ],
      "/home/tamakochang/Work/ImageCropper/image_cropper/app/helpers/cropper/project_images_helper.rb": [
        1,
        null
      ],
      "/home/tamakochang/Work/ImageCropper/image_cropper/app/helpers/cropper/projects_helper.rb": [
        1,
        null
      ],
      "/home/tamakochang/Work/ImageCropper/image_cropper/app/helpers/site_helper.rb": [
        1,
        null
      ],
      "/home/tamakochang/Work/ImageCropper/image_cropper/app/helpers/uploader/project_crop_images_helper.rb": [
        1,
        null
      ],
      "/home/tamakochang/Work/ImageCropper/image_cropper/app/helpers/uploader/project_images_helper.rb": [
        1,
        null
      ],
      "/home/tamakochang/Work/ImageCropper/image_cropper/app/helpers/uploader/project_users_helper.rb": [
        1,
        null
      ],
      "/home/tamakochang/Work/ImageCropper/image_cropper/app/helpers/uploader/projects_helper.rb": [
        1,
        null
      ],
      "/home/tamakochang/Work/ImageCropper/image_cropper/app/helpers/uploader/tags_helper.rb": [
        1,
        null
      ],
      "/home/tamakochang/Work/ImageCropper/image_cropper/app/controllers/site_controller.rb": [
        1,
        1,
        1,
        null,
        null
      ],
      "/home/tamakochang/Work/ImageCropper/image_cropper/app/controllers/cropper/projects_controller.rb": [
        1,
        1,
        1,
        1,
        2,
        1,
        null,
        null
      ],
      "/home/tamakochang/Work/ImageCropper/image_cropper/app/controllers/uploader/project_users_controller.rb": [
        1,
        1,
        1,
        1,
        1,
        null,
        1,
        0,
        null,
        null,
        1,
        1,
        1,
        1,
        1,
        2,
        null,
        0,
        0,
        null,
        null,
        null,
        null,
        1,
        0,
        0,
        0,
        0,
        null,
        0,
        0,
        null,
        null,
        null,
        null,
        1,
        1,
        1,
        1,
        2,
        null,
        null,
        null,
        1,
        1,
        2,
        null,
        null,
        1,
        1,
        null,
        null,
        1,
        1,
        null,
        null
      ],
      "/home/tamakochang/Work/ImageCropper/image_cropper/app/controllers/uploader/project_crop_images_controller.rb": [
        1,
        1,
        1,
        1,
        1,
        null,
        1,
        null,
        null,
        null,
        1,
        0,
        0,
        0,
        0,
        null,
        null,
        null,
        1,
        1,
        1,
        null,
        null,
        1,
        0,
        0,
        null,
        null
      ],
      "/home/tamakochang/Work/ImageCropper/image_cropper/app/controllers/uploader/projects_controller.rb": [
        1,
        1,
        1,
        1,
        1,
        1,
        null,
        1,
        1,
        1,
        0,
        0,
        0,
        0,
        0,
        0,
        0,
        0,
        null,
        0,
        0,
        null,
        null,
        null,
        0,
        0,
        null,
        null,
        null,
        null,
        1,
        null,
        null,
        1,
        1,
        null,
        null,
        1,
        null,
        null,
        1,
        1,
        null,
        1,
        1,
        0,
        0,
        null,
        2,
        1,
        null,
        null,
        null,
        null,
        1,
        1,
        1,
        2,
        1,
        null,
        0,
        0,
        null,
        null,
        null,
        null,
        1,
        1,
        1,
        1,
        2,
        1,
        null,
        null,
        null,
        1,
        1,
        3,
        3,
        null,
        null,
        1,
        2,
        1,
        1,
        1,
        null,
        1,
        1,
        1,
        1,
        null,
        1,
        null,
        null,
        null,
        1,
        2,
        0,
        0,
        0,
        0,
        0,
        null,
        null,
        null,
        0,
        0,
        0,
        0,
        null,
        null,
        null,
        null,
        null,
        1,
        1,
        1,
        1,
        1,
        0,
        null,
        null,
        null,
        null,
        1,
        4,
        null,
        null
      ],
      "/home/tamakochang/Work/ImageCropper/image_cropper/app/controllers/cropper/project_crop_images_controller.rb": [
        1,
        1,
        1,
        1,
        1,
        1,
        1,
        null,
        1,
        1,
        1,
        1,
        1,
        1,
        2,
        1,
        null,
        null,
        null,
        1,
        1,
        1,
        1,
        1,
        4,
        null,
        1,
        1,
        1,
        2,
        null,
        0,
        0,
        null,
        null,
        null,
        null,
        1,
        1,
        1,
        1,
        1,
        1,
        1,
        1,
        1,
        1,
        1,
        0,
        0,
        null,
        null,
        1,
        2,
        null,
        null,
        null,
        1,
        1,
        3,
        null,
        null,
        1,
        3,
        null,
        null,
        1,
        3,
        null,
        null,
        1,
        3,
        3,
        3,
        3,
        null,
        null,
        null,
        1,
        4,
        4,
        4,
        4,
        4,
        null,
        null,
        1,
        1,
        0,
        0,
        0,
        0,
        0,
        0,
        0,
        null,
        0,
        0,
        0,
        0,
        null,
        null,
        null,
        1,
        1,
        null,
        null
      ],
      "/home/tamakochang/Work/ImageCropper/image_cropper/app/controllers/admin/users_controller.rb": [
        1,
        1,
        1,
        1,
        1,
        null,
        1,
        1,
        null,
        null,
        1,
        null,
        null,
        1,
        1,
        null,
        null,
        1,
        null,
        null,
        1,
        0,
        0,
        0,
        0,
        0,
        0,
        null,
        0,
        0,
        null,
        null,
        null,
        null,
        1,
        1,
        1,
        2,
        1,
        null,
        0,
        0,
        null,
        null,
        null,
        null,
        1,
        1,
        1,
        null,
        null,
        1,
        0,
        null,
        null,
        1,
        1,
        null,
        0,
        0,
        null,
        1,
        null,
        null,
        null
      ],
      "/home/tamakochang/Work/ImageCropper/image_cropper/app/controllers/cropper/project_images_controller.rb": [
        1,
        1,
        null,
        1,
        1,
        1,
        1,
        1,
        1,
        1,
        1,
        1,
        null,
        1,
        2,
        1,
        null,
        null,
        null
      ]
    },
    "timestamp": 1471340253
  }
}
